Sender: LSF System <lsfadmin@cu02>
Subject: Job 878452: <pmed4> in cluster <cluster1> Done

Job <pmed4> was submitted from host <mgt> by user <yuchengyang> in cluster <cluster1> at Sat Mar  4 19:40:54 2023
Job was executed on host(s) <cu02>, in queue <batch>, as user <yuchengyang> in cluster <cluster1> at Sat Mar  4 19:40:55 2023
</share/home/yuchengyang> was used as the home directory.
</share/home/yuchengyang/Template> was used as the working directory.
Started at Sat Mar  4 19:40:55 2023
Terminated at Sat Mar  4 19:41:09 2023
Results reported at Sat Mar  4 19:41:09 2023

Your job looked like:

------------------------------------------------------------
# LSBATCH: User input
julia src/pmed/pmed.jl data/pmed/pmed4.txt 
------------------------------------------------------------

Successfully completed.

Resource usage summary:

    CPU time :                                   10.22 sec.
    Max Memory :                                 300 MB
    Average Memory :                             279.00 MB
    Total Requested Memory :                     -
    Delta Memory :                               -
    Max Swap :                                   -
    Max Processes :                              3
    Max Threads :                                19
    Run time :                                   11 sec.
    Turnaround time :                            15 sec.

The output (if any) follows:

Version identifier: 20.1.0.0 | 2020-11-10 | 9bedb6d68
CPXPARAM_Threads                                 1
CPXPARAM_TimeLimit                               7200
CPXPARAM_MIP_Tolerances_MIPGap                   0
Generic callback                                 0x60
Tried aggregator 1 time.
Reduced MIP has 1 rows, 200 columns, and 100 nonzeros.
Reduced MIP has 100 binaries, 0 generals, 0 SOSs, and 0 indicators.
Presolve time = 0.00 sec. (0.05 ticks)
Probing time = 0.00 sec. (0.01 ticks)
Tried aggregator 1 time.
Reduced MIP has 1 rows, 200 columns, and 100 nonzeros.
Reduced MIP has 100 binaries, 0 generals, 0 SOSs, and 0 indicators.
Presolve time = 0.00 sec. (0.05 ticks)
Probing time = 0.00 sec. (0.01 ticks)
MIP emphasis: balance optimality and feasibility.
MIP search method: dynamic search.
Parallel mode: none, using 1 thread.
Root relaxation solution time = 0.00 sec. (0.04 ticks)

        Nodes                                         Cuts/
   Node  Left     Objective  IInf  Best Integer    Best Bound    ItCnt     Gap

      0     0      460.5115    29                      0.0000        0         
*     0+    0                         3947.0000      460.5115            88.33%
      0     0     2975.5831    24     3947.0000 UserPurge2: 78      102   24.61%
*     0+    0                         3164.0000     2975.5831             5.96%
*     0     0      integral     0     3034.0000 UserPurge2: 37      131    0.00%
      0     0        cutoff           3034.0000     3034.0000      131    0.00%
Elapsed time = 0.69 sec. (5.87 ticks, tree = 0.01 MB, solutions = 3)

User cuts applied:  180

Root node processing (before b&c):
  Real time             =    0.69 sec. (5.89 ticks)
Sequential b&c:
  Real time             =    0.00 sec. (0.00 ticks)
                          ------------
Total (root+branch&cut) =    0.69 sec. (5.89 ticks)
clients: 100 facilities: 100 p: 20
Solution Y: [6, 7, 9, 13, 22, 26, 34, 38, 51, 55, 60, 66, 72, 77, 83, 87, 91, 93, 96, 100]
termination_status(model) = MathOptInterface.OPTIMAL
primal_status(model) = MathOptInterface.FEASIBLE_POINT
objective_value(model) = 3034.0
solve_time(model) = 0.6876227855682373


PS:

Read file <PmedResult/pmed4.err> for stderr output of this job.

